[debug] [2022-08-15T22:26:13.091Z] ----------------------------------------------------------------------
[debug] [2022-08-15T22:26:13.093Z] Command:       /usr/local/Cellar/node@14/14.20.0/bin/node /usr/local/bin/firebase init
[debug] [2022-08-15T22:26:13.093Z] CLI Version:   11.6.0
[debug] [2022-08-15T22:26:13.093Z] Platform:      darwin
[debug] [2022-08-15T22:26:13.093Z] Node Version:  v14.20.0
[debug] [2022-08-15T22:26:13.094Z] Time:          Mon Aug 15 2022 17:26:13 GMT-0500 (Central Daylight Time)
[debug] [2022-08-15T22:26:13.095Z] ----------------------------------------------------------------------
[debug] 
[debug] [2022-08-15T22:26:13.100Z] > command requires scopes: ["email","openid","https://www.googleapis.com/auth/cloudplatformprojects.readonly","https://www.googleapis.com/auth/firebase","https://www.googleapis.com/auth/cloud-platform"]
[debug] [2022-08-15T22:26:13.101Z] > authorizing via signed-in user (kienaanabdi@gmail.com)
[info] 
     ######## #### ########  ######## ########     ###     ######  ########
     ##        ##  ##     ## ##       ##     ##  ##   ##  ##       ##
     ######    ##  ########  ######   ########  #########  ######  ######
     ##        ##  ##    ##  ##       ##     ## ##     ##       ## ##
     ##       #### ##     ## ######## ########  ##     ##  ######  ########

You're about to initialize a Firebase project in this directory:

  /Users/kienaan/Documents/full/kienaan-abdiFullStackBankingApp

[info] 
=== Project Setup
[info] 
[info] First, let's associate this project directory with a Firebase project.
[info] You can create multiple project aliases by running firebase use --add, 
[info] but for now we'll just set up a default project.
[info] 
[debug] [2022-08-15T22:26:24.520Z] >>> [apiv2][query] GET https://firebase.googleapis.com/v1beta1/projects pageSize=100
[debug] [2022-08-15T22:26:24.778Z] <<< [apiv2][status] GET https://firebase.googleapis.com/v1beta1/projects 200
[debug] [2022-08-15T22:26:24.779Z] <<< [apiv2][body] GET https://firebase.googleapis.com/v1beta1/projects [omitted]
[info] i  Using project kienaan-abdifullstackbankapp (kienaan-AbdiFullStackBankApp) 
[info] 
=== Database Setup
[info] i  database: ensuring required API firebasedatabase.googleapis.com is enabled... 
[debug] [2022-08-15T22:26:28.500Z] >>> [apiv2][query] GET https://serviceusage.googleapis.com/v1/projects/kienaan-abdifullstackbankapp/services/firebasedatabase.googleapis.com [none]
[debug] [2022-08-15T22:26:28.732Z] <<< [apiv2][status] GET https://serviceusage.googleapis.com/v1/projects/kienaan-abdifullstackbankapp/services/firebasedatabase.googleapis.com 200
[debug] [2022-08-15T22:26:28.732Z] <<< [apiv2][body] GET https://serviceusage.googleapis.com/v1/projects/kienaan-abdifullstackbankapp/services/firebasedatabase.googleapis.com [omitted]
[info] ✔  database: required API firebasedatabase.googleapis.com is enabled 
[info] 
[debug] [2022-08-15T22:26:28.734Z] >>> [apiv2][query] GET https://firebasedatabase.googleapis.com/v1beta/projects/kienaan-abdifullstackbankapp/locations/-/instances/kienaan-abdifullstackbankapp-default-rtdb [none]
[debug] [2022-08-15T22:26:28.941Z] <<< [apiv2][status] GET https://firebasedatabase.googleapis.com/v1beta/projects/kienaan-abdifullstackbankapp/locations/-/instances/kienaan-abdifullstackbankapp-default-rtdb 200
[debug] [2022-08-15T22:26:28.941Z] <<< [apiv2][body] GET https://firebasedatabase.googleapis.com/v1beta/projects/kienaan-abdifullstackbankapp/locations/-/instances/kienaan-abdifullstackbankapp-default-rtdb {"name":"projects/604029227354/locations/us-central1/instances/kienaan-abdifullstackbankapp-default-rtdb","project":"projects/604029227354","databaseUrl":"https://kienaan-abdifullstackbankapp-default-rtdb.firebaseio.com","type":"DEFAULT_DATABASE","state":"ACTIVE"}
[info] 
[info] Firebase Realtime Database Security Rules allow you to define how your data should be
[info] structured and when your data can be read from and written to.
[info] 
[debug] [2022-08-15T22:26:43.040Z] >>> [apiv2][query] GET https://kienaan-abdifullstackbankapp-default-rtdb.firebaseio.com/.settings/rules.json [none]
[debug] [2022-08-15T22:26:43.134Z] <<< [apiv2][status] GET https://kienaan-abdifullstackbankapp-default-rtdb.firebaseio.com/.settings/rules.json 200
[debug] [2022-08-15T22:26:43.134Z] <<< [apiv2][body] GET https://kienaan-abdifullstackbankapp-default-rtdb.firebaseio.com/.settings/rules.json [stream]
[info] ✔  Database Rules for kienaan-abdifullstackbankapp-default-rtdb have been written to database.rules.json. 
[info] Future modifications to database.rules.json will update Realtime Database Security Rules when you run
[info] firebase deploy.
[info] 
=== Firestore Setup
[debug] [2022-08-15T22:26:43.138Z] >>> [apiv2][query] GET https://serviceusage.googleapis.com/v1/projects/kienaan-abdifullstackbankapp/services/firestore.googleapis.com [none]
[debug] [2022-08-15T22:26:43.375Z] <<< [apiv2][status] GET https://serviceusage.googleapis.com/v1/projects/kienaan-abdifullstackbankapp/services/firestore.googleapis.com 200
[debug] [2022-08-15T22:26:43.375Z] <<< [apiv2][body] GET https://serviceusage.googleapis.com/v1/projects/kienaan-abdifullstackbankapp/services/firestore.googleapis.com [omitted]
[debug] [2022-08-15T22:26:43.376Z] >>> [apiv2][query] GET https://appengine.googleapis.com/v1/apps/kienaan-abdifullstackbankapp [none]
[debug] [2022-08-15T22:26:43.590Z] <<< [apiv2][status] GET https://appengine.googleapis.com/v1/apps/kienaan-abdifullstackbankapp 200
[debug] [2022-08-15T22:26:43.590Z] <<< [apiv2][body] GET https://appengine.googleapis.com/v1/apps/kienaan-abdifullstackbankapp {"name":"apps/kienaan-abdifullstackbankapp","id":"kienaan-abdifullstackbankapp","authDomain":"gmail.com","locationId":"us-central","codeBucket":"staging.kienaan-abdifullstackbankapp.appspot.com","servingStatus":"SERVING","defaultHostname":"kienaan-abdifullstackbankapp.uc.r.appspot.com","defaultBucket":"kienaan-abdifullstackbankapp.appspot.com","serviceAccount":"kienaan-abdifullstackbankapp@appspot.gserviceaccount.com","gcrDomain":"us.gcr.io","databaseType":"CLOUD_FIRESTORE","featureSettings":{"splitHealthChecks":true,"useContainerOptimizedOs":true}}
[debug] [2022-08-15T22:26:43.591Z] database_type: CLOUD_FIRESTORE
[debug] [2022-08-15T22:26:43.591Z] > command requires scopes: ["email","openid","https://www.googleapis.com/auth/cloudplatformprojects.readonly","https://www.googleapis.com/auth/firebase","https://www.googleapis.com/auth/cloud-platform"]
[debug] [2022-08-15T22:26:43.592Z] > authorizing via signed-in user (kienaanabdi@gmail.com)
[debug] [2022-08-15T22:26:43.592Z] [iam] checking project kienaan-abdifullstackbankapp for permissions ["firebase.projects.get"]
[debug] [2022-08-15T22:26:43.593Z] >>> [apiv2][query] POST https://cloudresourcemanager.googleapis.com/v1/projects/kienaan-abdifullstackbankapp:testIamPermissions [none]
[debug] [2022-08-15T22:26:43.593Z] >>> [apiv2][(partial)header] POST https://cloudresourcemanager.googleapis.com/v1/projects/kienaan-abdifullstackbankapp:testIamPermissions x-goog-quota-user=projects/kienaan-abdifullstackbankapp
[debug] [2022-08-15T22:26:43.593Z] >>> [apiv2][body] POST https://cloudresourcemanager.googleapis.com/v1/projects/kienaan-abdifullstackbankapp:testIamPermissions {"permissions":["firebase.projects.get"]}
[debug] [2022-08-15T22:26:43.720Z] <<< [apiv2][status] POST https://cloudresourcemanager.googleapis.com/v1/projects/kienaan-abdifullstackbankapp:testIamPermissions 200
[debug] [2022-08-15T22:26:43.720Z] <<< [apiv2][body] POST https://cloudresourcemanager.googleapis.com/v1/projects/kienaan-abdifullstackbankapp:testIamPermissions {"permissions":["firebase.projects.get"]}
[info] 
[info] Firestore Security Rules allow you to define how and when to allow
[info] requests. You can keep these rules in your project directory
[info] and publish them with firebase deploy.
[info] 
[debug] [2022-08-15T22:26:46.124Z] >>> [apiv2][query] GET https://firebaserules.googleapis.com/v1/projects/kienaan-abdifullstackbankapp/releases pageSize=10&pageToken=
[debug] [2022-08-15T22:26:46.283Z] <<< [apiv2][status] GET https://firebaserules.googleapis.com/v1/projects/kienaan-abdifullstackbankapp/releases 200
[debug] [2022-08-15T22:26:46.283Z] <<< [apiv2][body] GET https://firebaserules.googleapis.com/v1/projects/kienaan-abdifullstackbankapp/releases {"releases":[{"name":"projects/kienaan-abdifullstackbankapp/releases/cloud.firestore","rulesetName":"projects/kienaan-abdifullstackbankapp/rulesets/7ae1a653-5411-457d-b76c-41af285c74bc","createTime":"2022-08-15T22:25:57.719143Z","updateTime":"2022-08-15T22:25:57.719143Z"}]}
[debug] [2022-08-15T22:26:46.283Z] Found ruleset: projects/kienaan-abdifullstackbankapp/rulesets/7ae1a653-5411-457d-b76c-41af285c74bc
[debug] [2022-08-15T22:26:46.284Z] >>> [apiv2][query] GET https://firebaserules.googleapis.com/v1/projects/kienaan-abdifullstackbankapp/rulesets/7ae1a653-5411-457d-b76c-41af285c74bc [none]
[debug] [2022-08-15T22:26:46.392Z] <<< [apiv2][status] GET https://firebaserules.googleapis.com/v1/projects/kienaan-abdifullstackbankapp/rulesets/7ae1a653-5411-457d-b76c-41af285c74bc 200
[debug] [2022-08-15T22:26:46.393Z] <<< [apiv2][body] GET https://firebaserules.googleapis.com/v1/projects/kienaan-abdifullstackbankapp/rulesets/7ae1a653-5411-457d-b76c-41af285c74bc [omitted]
[info] 
[info] Firestore indexes allow you to perform complex queries while
[info] maintaining performance that scales with the size of the result
[info] set. You can keep index definitions in your project directory
[info] and publish them with firebase deploy.
[info] 
[debug] [2022-08-15T22:26:51.458Z] >>> [apiv2][query] GET https://firestore.googleapis.com/v1/projects/kienaan-abdifullstackbankapp/databases/(default)/collectionGroups/-/indexes [none]
[debug] [2022-08-15T22:26:51.459Z] >>> [apiv2][query] GET https://firestore.googleapis.com/v1/projects/kienaan-abdifullstackbankapp/databases/(default)/collectionGroups/-/fields?filter=indexConfig.usesAncestorConfig=false [none]
[debug] [2022-08-15T22:26:51.676Z] <<< [apiv2][status] GET https://firestore.googleapis.com/v1/projects/kienaan-abdifullstackbankapp/databases/(default)/collectionGroups/-/indexes 200
[debug] [2022-08-15T22:26:51.677Z] <<< [apiv2][body] GET https://firestore.googleapis.com/v1/projects/kienaan-abdifullstackbankapp/databases/(default)/collectionGroups/-/indexes {}
[debug] [2022-08-15T22:26:52.229Z] <<< [apiv2][status] GET https://firestore.googleapis.com/v1/projects/kienaan-abdifullstackbankapp/databases/(default)/collectionGroups/-/fields?filter=indexConfig.usesAncestorConfig=false 200
[debug] [2022-08-15T22:26:52.229Z] <<< [apiv2][body] GET https://firestore.googleapis.com/v1/projects/kienaan-abdifullstackbankapp/databases/(default)/collectionGroups/-/fields?filter=indexConfig.usesAncestorConfig=false {"fields":[{"name":"projects/kienaan-abdifullstackbankapp/databases/(default)/collectionGroups/__default__/fields/*","indexConfig":{"indexes":[{"queryScope":"COLLECTION","fields":[{"fieldPath":"*","order":"ASCENDING"}],"state":"READY"},{"queryScope":"COLLECTION","fields":[{"fieldPath":"*","order":"DESCENDING"}],"state":"READY"},{"queryScope":"COLLECTION","fields":[{"fieldPath":"*","arrayConfig":"CONTAINS"}],"state":"READY"}]}}]}
[info] 
=== Functions Setup
[info] 
[info] A functions directory will be created in your project with sample code
[info] pre-configured. Functions can be deployed with firebase deploy.
[info] 
[debug] [2022-08-15T22:26:52.233Z] > command requires scopes: ["email","openid","https://www.googleapis.com/auth/cloudplatformprojects.readonly","https://www.googleapis.com/auth/firebase","https://www.googleapis.com/auth/cloud-platform"]
[debug] [2022-08-15T22:26:52.233Z] > authorizing via signed-in user (kienaanabdi@gmail.com)
[debug] [2022-08-15T22:26:52.233Z] [iam] checking project kienaan-abdifullstackbankapp for permissions ["firebase.projects.get"]
[debug] [2022-08-15T22:26:52.234Z] >>> [apiv2][query] POST https://cloudresourcemanager.googleapis.com/v1/projects/kienaan-abdifullstackbankapp:testIamPermissions [none]
[debug] [2022-08-15T22:26:52.234Z] >>> [apiv2][(partial)header] POST https://cloudresourcemanager.googleapis.com/v1/projects/kienaan-abdifullstackbankapp:testIamPermissions x-goog-quota-user=projects/kienaan-abdifullstackbankapp
[debug] [2022-08-15T22:26:52.234Z] >>> [apiv2][body] POST https://cloudresourcemanager.googleapis.com/v1/projects/kienaan-abdifullstackbankapp:testIamPermissions {"permissions":["firebase.projects.get"]}
[debug] [2022-08-15T22:26:52.325Z] <<< [apiv2][status] POST https://cloudresourcemanager.googleapis.com/v1/projects/kienaan-abdifullstackbankapp:testIamPermissions 200
[debug] [2022-08-15T22:26:52.325Z] <<< [apiv2][body] POST https://cloudresourcemanager.googleapis.com/v1/projects/kienaan-abdifullstackbankapp:testIamPermissions {"permissions":["firebase.projects.get"]}
[debug] [2022-08-15T22:26:52.326Z] >>> [apiv2][query] GET https://serviceusage.googleapis.com/v1/projects/kienaan-abdifullstackbankapp/services/cloudfunctions.googleapis.com [none]
[debug] [2022-08-15T22:26:52.328Z] >>> [apiv2][query] GET https://serviceusage.googleapis.com/v1/projects/kienaan-abdifullstackbankapp/services/runtimeconfig.googleapis.com [none]
[debug] [2022-08-15T22:26:52.543Z] <<< [apiv2][status] GET https://serviceusage.googleapis.com/v1/projects/kienaan-abdifullstackbankapp/services/runtimeconfig.googleapis.com 200
[debug] [2022-08-15T22:26:52.543Z] <<< [apiv2][body] GET https://serviceusage.googleapis.com/v1/projects/kienaan-abdifullstackbankapp/services/runtimeconfig.googleapis.com [omitted]
[debug] [2022-08-15T22:26:52.583Z] <<< [apiv2][status] GET https://serviceusage.googleapis.com/v1/projects/kienaan-abdifullstackbankapp/services/cloudfunctions.googleapis.com 200
[debug] [2022-08-15T22:26:52.583Z] <<< [apiv2][body] GET https://serviceusage.googleapis.com/v1/projects/kienaan-abdifullstackbankapp/services/cloudfunctions.googleapis.com [omitted]
[debug] [2022-08-15T22:26:52.584Z] >>> [apiv2][query] POST https://serviceusage.googleapis.com/v1/projects/kienaan-abdifullstackbankapp/services/cloudfunctions.googleapis.com:enable [none]
[debug] [2022-08-15T22:26:53.026Z] <<< [apiv2][status] POST https://serviceusage.googleapis.com/v1/projects/kienaan-abdifullstackbankapp/services/cloudfunctions.googleapis.com:enable 200
[debug] [2022-08-15T22:26:53.026Z] <<< [apiv2][body] POST https://serviceusage.googleapis.com/v1/projects/kienaan-abdifullstackbankapp/services/cloudfunctions.googleapis.com:enable [omitted]
[debug] [2022-08-15T22:27:03.028Z] >>> [apiv2][query] GET https://serviceusage.googleapis.com/v1/projects/kienaan-abdifullstackbankapp/services/cloudfunctions.googleapis.com [none]
[debug] [2022-08-15T22:27:03.350Z] <<< [apiv2][status] GET https://serviceusage.googleapis.com/v1/projects/kienaan-abdifullstackbankapp/services/cloudfunctions.googleapis.com 200
[debug] [2022-08-15T22:27:03.351Z] <<< [apiv2][body] GET https://serviceusage.googleapis.com/v1/projects/kienaan-abdifullstackbankapp/services/cloudfunctions.googleapis.com [omitted]
[info] ✔  Wrote functions/package.json 
[info] ✔  Wrote functions/index.js 
[info] ✔  Wrote functions/.gitignore 
[info] 
=== Hosting Setup
[info] 
[info] Your public directory is the folder (relative to your project directory) that
[info] will contain Hosting assets to be uploaded with firebase deploy. If you
[info] have a build process for your assets, use your build's output directory.
[info] 
[info] ✔  Wrote public/404.html 
[debug] [2022-08-15T22:29:25.237Z] >>> [apiv2][query] GET https://www.gstatic.com/firebasejs/releases.json [none]
[debug] [2022-08-15T22:29:25.318Z] <<< [apiv2][status] GET https://www.gstatic.com/firebasejs/releases.json 200
[debug] [2022-08-15T22:29:25.319Z] <<< [apiv2][body] GET https://www.gstatic.com/firebasejs/releases.json {"current":{"version":"9.9.2","browserURL":"https://www.gstatic.com/firebasejs/9.9.2/firebase.js","packageURL":"https://www.gstatic.com/firebasejs/9.9.2/firebase.tgz"},"live":{"version":"9.9","browserURL":"https://www.gstatic.com/firebasejs/live/9.9/firebase.js","packageURL":"https://www.gstatic.com/firebasejs/live/9.9/firebase.tgz"},"components":{"analytics":"https://www.gstatic.com/firebasejs/9.9.2/firebase-analytics.js","app":"https://www.gstatic.com/firebasejs/9.9.2/firebase-app.js","app-check":"https://www.gstatic.com/firebasejs/9.9.2/firebase-app-check.js","auth":"https://www.gstatic.com/firebasejs/9.9.2/firebase-auth.js","auth/cordova":"https://www.gstatic.com/firebasejs/9.9.2/firebase-auth/cordova.js","auth/react-native":"https://www.gstatic.com/firebasejs/9.9.2/firebase-auth/react-native.js","functions":"https://www.gstatic.com/firebasejs/9.9.2/firebase-functions.js","firestore":"https://www.gstatic.com/firebasejs/9.9.2/firebase-firestore.js","firestore/lite":"https://www.gstatic.com/firebasejs/9.9.2/firebase-firestore/lite.js","installations":"https://www.gstatic.com/firebasejs/9.9.2/firebase-installations.js","storage":"https://www.gstatic.com/firebasejs/9.9.2/firebase-storage.js","performance":"https://www.gstatic.com/firebasejs/9.9.2/firebase-performance.js","remote-config":"https://www.gstatic.com/firebasejs/9.9.2/firebase-remote-config.js","messaging":"https://www.gstatic.com/firebasejs/9.9.2/firebase-messaging.js","messaging/sw":"https://www.gstatic.com/firebasejs/9.9.2/firebase-messaging/sw.js","database":"https://www.gstatic.com/firebasejs/9.9.2/firebase-database.js","firestore.memory":"https://www.gstatic.com/firebasejs/9.9.2/firebase-firestore.memory.js"}}
[info] i  Skipping write of public/index.html 
[info] 
[info] i  Didn't detect a .git folder. Assuming /Users/kienaan/Documents/full/kienaan-abdiFullStackBankingApp is the project root. 
[info] i  Authorizing with GitHub to upload your service account to a GitHub repository's secrets store. 
[info] 
[info] Visit this URL on this device to log in:
[info] https://github.com/login/oauth/authorize?client_id=89cf50f02ac6aaed3484&state=157616294&redirect_uri=http%3A%2F%2Flocalhost%3A9005&scope=read%3Auser%20repo%20public_repo
[info] 
[info] Waiting for authentication...
[debug] [2022-08-15T22:29:55.414Z] >>> [apiv2][query] POST https://github.com/login/oauth/access_token [none]
[debug] [2022-08-15T22:29:55.414Z] >>> [apiv2][body] POST https://github.com/login/oauth/access_token [stream]
[debug] [2022-08-15T22:29:55.671Z] <<< [apiv2][status] POST https://github.com/login/oauth/access_token 200
[debug] [2022-08-15T22:29:55.672Z] <<< [apiv2][body] POST https://github.com/login/oauth/access_token {"access_token":"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","token_type":"bearer","scope":"read:user,repo"}
[debug] [2022-08-15T22:29:55.677Z] >>> [apiv2][query] GET https://api.github.com/user [none]
[debug] [2022-08-15T22:29:55.905Z] <<< [apiv2][status] GET https://api.github.com/user 200
[debug] [2022-08-15T22:29:55.906Z] <<< [apiv2][body] GET https://api.github.com/user {"login":"KayAbdi","id":88396908,"node_id":"MDQ6VXNlcjg4Mzk2OTA4","avatar_url":"https://avatars.githubusercontent.com/u/88396908?v=4","gravatar_id":"","url":"https://api.github.com/users/KayAbdi","html_url":"https://github.com/KayAbdi","followers_url":"https://api.github.com/users/KayAbdi/followers","following_url":"https://api.github.com/users/KayAbdi/following{/other_user}","gists_url":"https://api.github.com/users/KayAbdi/gists{/gist_id}","starred_url":"https://api.github.com/users/KayAbdi/starred{/owner}{/repo}","subscriptions_url":"https://api.github.com/users/KayAbdi/subscriptions","organizations_url":"https://api.github.com/users/KayAbdi/orgs","repos_url":"https://api.github.com/users/KayAbdi/repos","events_url":"https://api.github.com/users/KayAbdi/events{/privacy}","received_events_url":"https://api.github.com/users/KayAbdi/received_events","type":"User","site_admin":false,"name":null,"company":null,"blog":"","location":null,"email":null,"hireable":null,"bio":null,"twitter_username":null,"public_repos":72,"public_gists":0,"followers":4,"following":17,"created_at":"2021-08-03T17:00:49Z","updated_at":"2022-08-13T02:27:27Z","private_gists":0,"total_private_repos":0,"owned_private_repos":0,"disk_usage":211392,"collaborators":0,"two_factor_authentication":false,"plan":{"name":"free","space":976562499,"collaborators":0,"private_repos":10000}}
[info] 
[info] ✔  Success! Logged into GitHub as KayAbdi 
[info] 
